<?xml version="1.0" encoding="UTF-8"?>
<testsuite name="LoginTest" tests="1" skipped="0" failures="0" errors="0" timestamp="2022-08-11T06:04:39" hostname="M2043" time="0.006">
  <properties/>
  <testcase name="login" classname="LoginTest" time="0.006"/>
  <system-out><![CDATA[Hello
]]></system-out>
  <system-err><![CDATA[]]></system-err>
</testsuite>
